<?xml version="1.0" encoding="UTF-8"?>
<!-- Generated by org.testng.reporters.JUnitReportReporter -->
<testsuite name="TestCases.asserta" tests="2" time="0.017" ignored="0" failures="0" timestamp="17 Aug 2022 05:52:53 GMT" skipped="0" hostname="LAPTOP-8374LIJ1" errors="0">
  <testcase name="assert1" time="0.016" classname="TestCases.asserta"/>
  <testcase name="assert2" time="0.001" classname="TestCases.asserta"/>
</testsuite> <!-- TestCases.asserta -->
