<?xml version="1.0" encoding="UTF-8"?>
<!-- Generated by org.testng.reporters.JUnitReportReporter -->
<testsuite name="TestCases.LoginPageTest" tests="2" time="7.580" ignored="2" failures="0" timestamp="16 Aug 2022 07:32:13 GMT" skipped="0" hostname="LAPTOP-8374LIJ1" errors="0">
  <testcase name="verifylabeltest" time="2.886" classname="TestCases.LoginPageTest"/>
  <testcase name="verifytitleTest" time="4.694" classname="TestCases.LoginPageTest"/>
  <testcase name="verifylogoTest" classname="TestCases.LoginPageTest">
    <skipped/>
  </testcase> <!-- verifylogoTest -->
  <testcase name="zerodhalogintest" classname="TestCases.LoginPageTest">
    <skipped/>
  </testcase> <!-- zerodhalogintest -->
</testsuite> <!-- TestCases.LoginPageTest -->
