<?xml version="1.0" encoding="UTF-8"?>
<!-- Generated by org.testng.reporters.JUnitReportReporter -->
<testsuite hostname="LAPTOP-8374LIJ1" name="swaglabstest.swaglogintest" tests="2" failures="0" timestamp="9 Aug 2022 16:36:06 GMT" time="10.937" errors="0">
  <testcase name="verifylogotest" time="3.448" classname="swaglabstest.swaglogintest"/>
  <testcase name="checklogin" time="7.489" classname="swaglabstest.swaglogintest"/>
</testsuite> <!-- swaglabstest.swaglogintest -->
