<?xml version="1.0" encoding="UTF-8"?>
<!-- Generated by org.testng.reporters.JUnitReportReporter -->
<testsuite hostname="LAPTOP-8374LIJ1" name="fbtestcases.fblogintest" tests="2" failures="0" timestamp="15 Aug 2022 05:55:56 GMT" time="53.625" errors="0">
  <testcase name="verifytittletest" time="39.233" classname="fbtestcases.fblogintest"/>
  <testcase name="loginfacebooktest" time="14.392" classname="fbtestcases.fblogintest"/>
</testsuite> <!-- fbtestcases.fblogintest -->
