<?xml version="1.0" encoding="UTF-8"?>
<!-- Generated by org.testng.reporters.JUnitReportReporter -->
<testsuite hostname="LAPTOP-8374LIJ1" name="fbtestcases.fbhometest" tests="3" failures="0" timestamp="9 Aug 2022 02:37:06 GMT" time="45.273" errors="0">
  <testcase name="fbnametextTest" time="13.205" classname="fbtestcases.fbhometest"/>
  <testcase name="logodisplayTest" time="17.489" classname="fbtestcases.fbhometest"/>
  <testcase name="mesgtextTest" time="14.579" classname="fbtestcases.fbhometest"/>
</testsuite> <!-- fbtestcases.fbhometest -->
