<?xml version="1.0" encoding="UTF-8"?>
<!-- Generated by org.testng.reporters.JUnitReportReporter -->
<testsuite name="TestCases.Dashboardtest" tests="1" time="6.660" ignored="0" failures="0" timestamp="17 Aug 2022 05:43:57 GMT" skipped="0" hostname="LAPTOP-8374LIJ1" errors="0">
  <testcase name="verifynicknametest" time="6.660" classname="TestCases.Dashboardtest"/>
</testsuite> <!-- TestCases.Dashboardtest -->
