<?xml version="1.0" encoding="UTF-8"?>
<!-- Generated by org.testng.reporters.JUnitReportReporter -->
<testsuite hostname="LAPTOP-8374LIJ1" name="swaglabstest.swagDashboardtest" tests="4" failures="0" timestamp="9 Aug 2022 16:45:46 GMT" time="39.853" errors="0">
  <testcase name="verifyaddtocardTest" time="7.438" classname="swaglabstest.swagDashboardtest"/>
  <testcase name="verifypriceTest" time="9.870" classname="swaglabstest.swagDashboardtest"/>
  <testcase name="verifyaboutTest" time="14.962" classname="swaglabstest.swagDashboardtest"/>
  <testcase name="verifyproductnameTest" time="7.583" classname="swaglabstest.swagDashboardtest"/>
</testsuite> <!-- swaglabstest.swagDashboardtest -->
